<?xml version="1.0" encoding="UTF-8"?>
<!-- Generated by org.testng.reporters.JUnitXMLReporter -->
<testsuite ignored="0" hostname="Vinya" failures="0" tests="3" name="Surefire test" time="0.04" errors="0" timestamp="2025-12-04T10:19:00 IST">
  <testcase classname="github.GitHubPracticeTest" name="gitHubPrcaticeTest" time="0.005"/>
  <testcase classname="jenkins.JenkinsPracticeTest" name="jenkinsPracticeTest" time="0.001"/>
  <testcase classname="maven.MavenPracticeTest" name="mavenPracticeTest" time="0.0"/>
</testsuite> <!-- Surefire test -->
