<?xml version="1.0" encoding="UTF-8"?>
<!-- Generated by org.testng.reporters.JUnitXMLReporter -->
<testsuite ignored="0" hostname="Vinya" failures="0" tests="3" name="Test" time="0.051" errors="0" timestamp="2025-12-03T12:30:21 IST">
  <testcase classname="jenkins.JenkinsPracticeTest" name="jenkinsPracticeTest" time="0.006"/>
  <testcase classname="maven.MavenPracticeTest" name="mavenPracticeTest" time="0.001"/>
  <testcase classname="github.GitHubPracticeTest" name="gitHubPrcaticeTest" time="0.003"/>
</testsuite> <!-- Test -->
