<?xml version="1.0" encoding="UTF-8"?>
<testng-results ignored="0" total="3" passed="3" failed="0" skipped="0">
  <reporter-output>
    <line>
      <![CDATA[hii github here]]>
    </line>
    <line>
      <![CDATA[hii jenkins here]]>
    </line>
    <line>
      <![CDATA[hiii maven here]]>
    </line>
  </reporter-output>
  <suite started-at="2025-12-04T10:19:00 IST" name="Surefire suite" finished-at="2025-12-04T10:19:00 IST" duration-ms="40">
    <groups>
    </groups>
    <test started-at="2025-12-04T10:19:00 IST" name="Surefire test" finished-at="2025-12-04T10:19:00 IST" duration-ms="40">
      <class name="maven.MavenPracticeTest">
        <test-method signature="mavenPracticeTest()[pri:0, instance:maven.MavenPracticeTest@3b938003]" started-at="2025-12-04T10:19:00 IST" name="mavenPracticeTest" finished-at="2025-12-04T10:19:00 IST" duration-ms="0" status="PASS">
          <reporter-output>
            <line>
              <![CDATA[hiii maven here]]>
            </line>
          </reporter-output>
        </test-method> <!-- mavenPracticeTest -->
      </class> <!-- maven.MavenPracticeTest -->
      <class name="jenkins.JenkinsPracticeTest">
        <test-method signature="jenkinsPracticeTest()[pri:0, instance:jenkins.JenkinsPracticeTest@55a561cf]" started-at="2025-12-04T10:19:00 IST" name="jenkinsPracticeTest" finished-at="2025-12-04T10:19:00 IST" duration-ms="1" status="PASS">
          <reporter-output>
            <line>
              <![CDATA[hii jenkins here]]>
            </line>
          </reporter-output>
        </test-method> <!-- jenkinsPracticeTest -->
      </class> <!-- jenkins.JenkinsPracticeTest -->
      <class name="github.GitHubPracticeTest">
        <test-method signature="gitHubPrcaticeTest()[pri:0, instance:github.GitHubPracticeTest@23282c25]" started-at="2025-12-04T10:19:00 IST" name="gitHubPrcaticeTest" finished-at="2025-12-04T10:19:00 IST" duration-ms="5" status="PASS">
          <reporter-output>
            <line>
              <![CDATA[hii github here]]>
            </line>
          </reporter-output>
        </test-method> <!-- gitHubPrcaticeTest -->
      </class> <!-- github.GitHubPracticeTest -->
    </test> <!-- Surefire test -->
  </suite> <!-- Surefire suite -->
</testng-results>
