<?xml version="1.0" encoding="UTF-8"?>
<testng-results ignored="0" total="3" passed="3" failed="0" skipped="0">
  <reporter-output>
    <line>
      <![CDATA[hii jenkins here]]>
    </line>
    <line>
      <![CDATA[hiii maven here]]>
    </line>
    <line>
      <![CDATA[hii github here]]>
    </line>
  </reporter-output>
  <suite started-at="2025-12-03T12:30:21 IST" name="Suite" finished-at="2025-12-03T12:30:21 IST" duration-ms="51">
    <groups>
    </groups>
    <test started-at="2025-12-03T12:30:21 IST" name="Test" finished-at="2025-12-03T12:30:21 IST" duration-ms="51">
      <class name="maven.MavenPracticeTest">
        <test-method signature="mavenPracticeTest()[pri:0, instance:maven.MavenPracticeTest@661972b0]" started-at="2025-12-03T12:30:21 IST" name="mavenPracticeTest" finished-at="2025-12-03T12:30:21 IST" duration-ms="1" status="PASS">
          <reporter-output>
            <line>
              <![CDATA[hiii maven here]]>
            </line>
          </reporter-output>
        </test-method> <!-- mavenPracticeTest -->
      </class> <!-- maven.MavenPracticeTest -->
      <class name="jenkins.JenkinsPracticeTest">
        <test-method signature="jenkinsPracticeTest()[pri:0, instance:jenkins.JenkinsPracticeTest@3ce1e309]" started-at="2025-12-03T12:30:21 IST" name="jenkinsPracticeTest" finished-at="2025-12-03T12:30:21 IST" duration-ms="6" status="PASS">
          <reporter-output>
            <line>
              <![CDATA[hii jenkins here]]>
            </line>
          </reporter-output>
        </test-method> <!-- jenkinsPracticeTest -->
      </class> <!-- jenkins.JenkinsPracticeTest -->
      <class name="github.GitHubPracticeTest">
        <test-method signature="gitHubPrcaticeTest()[pri:0, instance:github.GitHubPracticeTest@5af3afd9]" started-at="2025-12-03T12:30:21 IST" name="gitHubPrcaticeTest" finished-at="2025-12-03T12:30:21 IST" duration-ms="3" status="PASS">
          <reporter-output>
            <line>
              <![CDATA[hii github here]]>
            </line>
          </reporter-output>
        </test-method> <!-- gitHubPrcaticeTest -->
      </class> <!-- github.GitHubPracticeTest -->
    </test> <!-- Test -->
  </suite> <!-- Suite -->
</testng-results>
