<?xml version="1.0" encoding="UTF-8"?>
<!-- Generated by org.testng.reporters.JUnitReportReporter -->
<testsuite hostname="Vinya" failures="0" tests="1" name="maven.MavenPracticeTest" time="0.001" errors="0" timestamp="2025-12-03T12:30:21 IST" skipped="0">
  <testcase classname="maven.MavenPracticeTest" name="mavenPracticeTest" time="0.001">
    <system-out>
      <![CDATA[hiii maven here]]>
    </system-out>
  </testcase> <!-- mavenPracticeTest -->
  <system-out>
    <![CDATA[hii jenkins here
hiii maven here
hii github here]]>
  </system-out>
</testsuite> <!-- maven.MavenPracticeTest -->
