<?xml version="1.0" encoding="UTF-8"?>
<!-- Generated by org.testng.reporters.JUnitReportReporter -->
<testsuite hostname="Vinya" failures="0" tests="1" name="github.GitHubPracticeTest" time="0.003" errors="0" timestamp="2025-12-03T12:30:21 IST" skipped="0">
  <testcase classname="github.GitHubPracticeTest" name="gitHubPrcaticeTest" time="0.003">
    <system-out>
      <![CDATA[hii github here]]>
    </system-out>
  </testcase> <!-- gitHubPrcaticeTest -->
  <system-out>
    <![CDATA[hii jenkins here
hiii maven here
hii github here]]>
  </system-out>
</testsuite> <!-- github.GitHubPracticeTest -->
