<?xml version="1.0" encoding="UTF-8"?>
<!-- Generated by org.testng.reporters.JUnitReportReporter -->
<testsuite hostname="Vinya" failures="0" tests="1" name="jenkins.JenkinsPracticeTest" time="0.006" errors="0" timestamp="2025-12-03T12:30:21 IST" skipped="0">
  <testcase classname="jenkins.JenkinsPracticeTest" name="jenkinsPracticeTest" time="0.006">
    <system-out>
      <![CDATA[hii jenkins here]]>
    </system-out>
  </testcase> <!-- jenkinsPracticeTest -->
  <system-out>
    <![CDATA[hii jenkins here
hiii maven here
hii github here]]>
  </system-out>
</testsuite> <!-- jenkins.JenkinsPracticeTest -->
