<?xml version="1.0" encoding="UTF-8"?>
<!-- Generated by org.testng.reporters.JUnitReportReporter -->
<testsuite hostname="Vinya" failures="0" tests="1" name="maven.MavenPracticeTest" time="0.000" errors="0" timestamp="2025-12-04T10:19:00 IST" skipped="0">
  <testcase classname="maven.MavenPracticeTest" name="mavenPracticeTest" time="0.000">
    <system-out>
      <![CDATA[hiii maven here]]>
    </system-out>
  </testcase> <!-- mavenPracticeTest -->
  <system-out>
    <![CDATA[hii github here
hii jenkins here
hiii maven here]]>
  </system-out>
</testsuite> <!-- maven.MavenPracticeTest -->
