<?xml version="1.0" encoding="UTF-8"?>
<!-- Generated by org.testng.reporters.JUnitReportReporter -->
<testsuite hostname="Vinya" failures="0" tests="1" name="github.GitHubPracticeTest" time="0.005" errors="0" timestamp="2025-12-04T10:19:00 IST" skipped="0">
  <testcase classname="github.GitHubPracticeTest" name="gitHubPrcaticeTest" time="0.005">
    <system-out>
      <![CDATA[hii github here]]>
    </system-out>
  </testcase> <!-- gitHubPrcaticeTest -->
  <system-out>
    <![CDATA[hii github here
hii jenkins here
hiii maven here]]>
  </system-out>
</testsuite> <!-- github.GitHubPracticeTest -->
